  gcc   -L/usr/local/lib 	-o vim objects/buffer.o objects/blowfish.o objects/charset.o objects/diff.o objects/digraph.o objects/edit.o objects/eval.o objects/ex_cmds.o objects/ex_cmds2.o objects/ex_docmd.o objects/ex_eval.o objects/ex_getln.o objects/fileio.o objects/fold.o objects/getchar.o objects/hardcopy.o objects/hashtab.o  objects/if_cscope.o objects/if_xcmdsrv.o objects/main.o objects/mark.o objects/memfile.o objects/memline.o objects/menu.o objects/message.o objects/misc1.o objects/misc2.o objects/move.o objects/mbyte.o objects/normal.o objects/ops.o objects/option.o objects/os_unix.o objects/pathdef.o objects/popupmnu.o objects/quickfix.o objects/regexp.o objects/screen.o objects/search.o objects/sha256.o objects/spell.o objects/syntax.o  objects/tag.o objects/term.o objects/ui.o objects/undo.o objects/window.o objects/gui.o objects/gui_gtk.o objects/gui_gtk_x11.o objects/pty.o objects/gui_gtk_f.o objects/gui_beval.o          objects/netbeans.o  objects/version.o   -lgtk-x11-2.0 -lgdk-x11-2.0 -latk-1.0 -lgio-2.0 -lpangoft2-1.0 -lgdk_pixbuf-2.0 -lpangocairo-1.0 -lcairo -lpango-1.0 -lfreetype -lfontconfig -lgobject-2.0 -lgmodule-2.0 -lglib-2.0   -lICE -lXt -lX11 -lXdmcp -lSM -lICE -lm -lncurses -lelf -lnsl           
  gcc   -L/usr/local/lib 	-o vim objects/buffer.o objects/blowfish.o objects/charset.o objects/diff.o objects/digraph.o objects/edit.o objects/eval.o objects/ex_cmds.o objects/ex_cmds2.o objects/ex_docmd.o objects/ex_eval.o objects/ex_getln.o objects/fileio.o objects/fold.o objects/getchar.o objects/hardcopy.o objects/hashtab.o  objects/if_cscope.o objects/if_xcmdsrv.o objects/main.o objects/mark.o objects/memfile.o objects/memline.o objects/menu.o objects/message.o objects/misc1.o objects/misc2.o objects/move.o objects/mbyte.o objects/normal.o objects/ops.o objects/option.o objects/os_unix.o objects/pathdef.o objects/popupmnu.o objects/quickfix.o objects/regexp.o objects/screen.o objects/search.o objects/sha256.o objects/spell.o objects/syntax.o  objects/tag.o objects/term.o objects/ui.o objects/undo.o objects/window.o objects/gui.o objects/gui_gtk.o objects/gui_gtk_x11.o objects/pty.o objects/gui_gtk_f.o objects/gui_beval.o          objects/netbeans.o  objects/version.o   -lgtk-x11-2.0 -lgdk-x11-2.0 -latk-1.0 -lgio-2.0 -lpangoft2-1.0 -lgdk_pixbuf-2.0 -lpangocairo-1.0 -lcairo -lpango-1.0 -lfreetype -lfontconfig -lgobject-2.0 -lgmodule-2.0 -lglib-2.0   -lICE -lXt -lX11 -lXdmcp -lICE -lm -lncurses -lelf -lnsl           
  gcc   -L/usr/local/lib 	-o vim objects/buffer.o objects/blowfish.o objects/charset.o objects/diff.o objects/digraph.o objects/edit.o objects/eval.o objects/ex_cmds.o objects/ex_cmds2.o objects/ex_docmd.o objects/ex_eval.o objects/ex_getln.o objects/fileio.o objects/fold.o objects/getchar.o objects/hardcopy.o objects/hashtab.o  objects/if_cscope.o objects/if_xcmdsrv.o objects/main.o objects/mark.o objects/memfile.o objects/memline.o objects/menu.o objects/message.o objects/misc1.o objects/misc2.o objects/move.o objects/mbyte.o objects/normal.o objects/ops.o objects/option.o objects/os_unix.o objects/pathdef.o objects/popupmnu.o objects/quickfix.o objects/regexp.o objects/screen.o objects/search.o objects/sha256.o objects/spell.o objects/syntax.o  objects/tag.o objects/term.o objects/ui.o objects/undo.o objects/window.o objects/gui.o objects/gui_gtk.o objects/gui_gtk_x11.o objects/pty.o objects/gui_gtk_f.o objects/gui_beval.o          objects/netbeans.o  objects/version.o   -lgtk-x11-2.0 -lgdk-x11-2.0 -latk-1.0 -lgio-2.0 -lpangoft2-1.0 -lgdk_pixbuf-2.0 -lpangocairo-1.0 -lcairo -lpango-1.0 -lfreetype -lfontconfig -lgobject-2.0 -lgmodule-2.0 -lglib-2.0   -lXt -lX11 -lXdmcp -lICE -lm -lncurses -lelf -lnsl           
  gcc   -L/usr/local/lib 	-o vim objects/buffer.o objects/blowfish.o objects/charset.o objects/diff.o objects/digraph.o objects/edit.o objects/eval.o objects/ex_cmds.o objects/ex_cmds2.o objects/ex_docmd.o objects/ex_eval.o objects/ex_getln.o objects/fileio.o objects/fold.o objects/getchar.o objects/hardcopy.o objects/hashtab.o  objects/if_cscope.o objects/if_xcmdsrv.o objects/main.o objects/mark.o objects/memfile.o objects/memline.o objects/menu.o objects/message.o objects/misc1.o objects/misc2.o objects/move.o objects/mbyte.o objects/normal.o objects/ops.o objects/option.o objects/os_unix.o objects/pathdef.o objects/popupmnu.o objects/quickfix.o objects/regexp.o objects/screen.o objects/search.o objects/sha256.o objects/spell.o objects/syntax.o  objects/tag.o objects/term.o objects/ui.o objects/undo.o objects/window.o objects/gui.o objects/gui_gtk.o objects/gui_gtk_x11.o objects/pty.o objects/gui_gtk_f.o objects/gui_beval.o          objects/netbeans.o  objects/version.o   -lgtk-x11-2.0 -lgdk-x11-2.0 -latk-1.0 -lgio-2.0 -lpangoft2-1.0 -lgdk_pixbuf-2.0 -lpangocairo-1.0 -lcairo -lpango-1.0 -lfreetype -lfontconfig -lgobject-2.0 -lgmodule-2.0 -lglib-2.0   -lXt -lX11 -lXdmcp -lm -lncurses -lelf -lnsl           
  gcc   -L/usr/local/lib 	-o vim objects/buffer.o objects/blowfish.o objects/charset.o objects/diff.o objects/digraph.o objects/edit.o objects/eval.o objects/ex_cmds.o objects/ex_cmds2.o objects/ex_docmd.o objects/ex_eval.o objects/ex_getln.o objects/fileio.o objects/fold.o objects/getchar.o objects/hardcopy.o objects/hashtab.o  objects/if_cscope.o objects/if_xcmdsrv.o objects/main.o objects/mark.o objects/memfile.o objects/memline.o objects/menu.o objects/message.o objects/misc1.o objects/misc2.o objects/move.o objects/mbyte.o objects/normal.o objects/ops.o objects/option.o objects/os_unix.o objects/pathdef.o objects/popupmnu.o objects/quickfix.o objects/regexp.o objects/screen.o objects/search.o objects/sha256.o objects/spell.o objects/syntax.o  objects/tag.o objects/term.o objects/ui.o objects/undo.o objects/window.o objects/gui.o objects/gui_gtk.o objects/gui_gtk_x11.o objects/pty.o objects/gui_gtk_f.o objects/gui_beval.o          objects/netbeans.o  objects/version.o   -lgtk-x11-2.0 -lgdk-x11-2.0 -latk-1.0 -lgio-2.0 -lpangoft2-1.0 -lgdk_pixbuf-2.0 -lpangocairo-1.0 -lcairo -lpango-1.0 -lfreetype -lfontconfig -lgobject-2.0 -lgmodule-2.0 -lglib-2.0   -lXt -lX11 -lXdmcp -lm -lncurses -lelf 
  gcc   -L/usr/local/lib 	-o vim objects/buffer.o objects/blowfish.o objects/charset.o objects/diff.o objects/digraph.o objects/edit.o objects/eval.o objects/ex_cmds.o objects/ex_cmds2.o objects/ex_docmd.o objects/ex_eval.o objects/ex_getln.o objects/fileio.o objects/fold.o objects/getchar.o objects/hardcopy.o objects/hashtab.o  objects/if_cscope.o objects/if_xcmdsrv.o objects/main.o objects/mark.o objects/memfile.o objects/memline.o objects/menu.o objects/message.o objects/misc1.o objects/misc2.o objects/move.o objects/mbyte.o objects/normal.o objects/ops.o objects/option.o objects/os_unix.o objects/pathdef.o objects/popupmnu.o objects/quickfix.o objects/regexp.o objects/screen.o objects/search.o objects/sha256.o objects/spell.o objects/syntax.o  objects/tag.o objects/term.o objects/ui.o objects/undo.o objects/window.o objects/gui.o objects/gui_gtk.o objects/gui_gtk_x11.o objects/pty.o objects/gui_gtk_f.o objects/gui_beval.o          objects/netbeans.o  objects/version.o   -lgtk-x11-2.0 -lgdk-x11-2.0 -latk-1.0 -lgio-2.0 -lpangoft2-1.0 -lgdk_pixbuf-2.0 -lpangocairo-1.0 -lcairo -lpango-1.0 -lfreetype -lfontconfig -lgobject-2.0 -lgmodule-2.0 -lglib-2.0   -lXt -lX11 -lXdmcp -lm -lncurses 
  gcc   -L/usr/local/lib 	-o vim objects/buffer.o objects/blowfish.o objects/charset.o objects/diff.o objects/digraph.o objects/edit.o objects/eval.o objects/ex_cmds.o objects/ex_cmds2.o objects/ex_docmd.o objects/ex_eval.o objects/ex_getln.o objects/fileio.o objects/fold.o objects/getchar.o objects/hardcopy.o objects/hashtab.o  objects/if_cscope.o objects/if_xcmdsrv.o objects/main.o objects/mark.o objects/memfile.o objects/memline.o objects/menu.o objects/message.o objects/misc1.o objects/misc2.o objects/move.o objects/mbyte.o objects/normal.o objects/ops.o objects/option.o objects/os_unix.o objects/pathdef.o objects/popupmnu.o objects/quickfix.o objects/regexp.o objects/screen.o objects/search.o objects/sha256.o objects/spell.o objects/syntax.o  objects/tag.o objects/term.o objects/ui.o objects/undo.o objects/window.o objects/gui.o objects/gui_gtk.o objects/gui_gtk_x11.o objects/pty.o objects/gui_gtk_f.o objects/gui_beval.o          objects/netbeans.o  objects/version.o   -lgtk-x11-2.0 -lgdk-x11-2.0 -latk-1.0 -lgio-2.0 -lpangoft2-1.0 -lgdk_pixbuf-2.0 -lpangocairo-1.0 -lcairo -lpango-1.0 -lfreetype -lfontconfig -lgobject-2.0 -lgmodule-2.0 -lglib-2.0   -lX11 -lXdmcp -lm -lncurses 
objects/os_unix.o: In function `xsmp_close':
/home/kren/bin/vim_source/vim73/src/os_unix.c:6946: undefined reference to `SmcCloseConnection'
objects/os_unix.o: In function `xsmp_init':
/home/kren/bin/vim_source/vim73/src/os_unix.c:6891: undefined reference to `IceAddConnectionWatch'
/home/kren/bin/vim_source/vim73/src/os_unix.c:6899: undefined reference to `SmcOpenConnection'
/home/kren/bin/vim_source/vim73/src/os_unix.c:6923: undefined reference to `SmcGetIceConnection'
objects/os_unix.o: In function `xsmp_ice_connection':
/home/kren/bin/vim_source/vim73/src/os_unix.c:6835: undefined reference to `IceConnectionNumber'
objects/os_unix.o: In function `xsmp_shutdown_cancelled':
/home/kren/bin/vim_source/vim73/src/os_unix.c:6816: undefined reference to `SmcSaveYourselfDone'
objects/os_unix.o: In function `xsmp_handle_save_yourself':
/home/kren/bin/vim_source/vim73/src/os_unix.c:6773: undefined reference to `SmcSaveYourselfDone'
/home/kren/bin/vim_source/vim73/src/os_unix.c:6752: undefined reference to `SmcSaveYourselfDone'
objects/os_unix.o: In function `xsmp_handle_interaction':
/home/kren/bin/vim_source/vim73/src/os_unix.c:6722: undefined reference to `SmcInteractDone'
objects/os_unix.o: In function `xsmp_handle_requests':
/home/kren/bin/vim_source/vim73/src/os_unix.c:6847: undefined reference to `IceProcessMessages'
objects/os_unix.o: In function `clear_xterm_clip':
/home/kren/bin/vim_source/vim73/src/os_unix.c:6601: undefined reference to `XtDestroyWidget'
objects/os_unix.o: In function `xterm_update':
/home/kren/bin/vim_source/vim73/src/os_unix.c:6648: undefined reference to `XtDispatchEvent'
/home/kren/bin/vim_source/vim73/src/os_unix.c:6636: undefined reference to `XtAppPending'
/home/kren/bin/vim_source/vim73/src/os_unix.c:6638: undefined reference to `XtAppNextEvent'
objects/os_unix.o: In function `setup_term_clip':
/home/kren/bin/vim_source/vim73/src/os_unix.c:6453: undefined reference to `applicationShellWidgetClass'
/home/kren/bin/vim_source/vim73/src/os_unix.c:6453: undefined reference to `XtVaAppCreateShell'
/home/kren/bin/vim_source/vim73/src/os_unix.c:6458: undefined reference to `topLevelShellWidgetClass'
/home/kren/bin/vim_source/vim73/src/os_unix.c:6458: undefined reference to `XtStrings'
/home/kren/bin/vim_source/vim73/src/os_unix.c:6458: undefined reference to `XtStrings'
/home/kren/bin/vim_source/vim73/src/os_unix.c:6458: undefined reference to `XtStrings'
/home/kren/bin/vim_source/vim73/src/os_unix.c:6458: undefined reference to `XtVaCreatePopupShell'
/home/kren/bin/vim_source/vim73/src/os_unix.c:6472: undefined reference to `XtRealizeWidget'
/home/kren/bin/vim_source/vim73/src/os_unix.c:6419: undefined reference to `XtOpenDisplay'
objects/os_unix.o: In function `xsmp_ice_connection':
/home/kren/bin/vim_source/vim73/src/os_unix.c:6836: undefined reference to `IceRemoveConnectionWatch'
objects/os_unix.o: In function `xsmp_handle_save_yourself':
/home/kren/bin/vim_source/vim73/src/os_unix.c:6767: undefined reference to `SmcInteractRequest'
objects/os_unix.o: In function `xsmp_handle_interaction':
/home/kren/bin/vim_source/vim73/src/os_unix.c:6732: undefined reference to `SmcSaveYourselfDone'
/home/kren/bin/vim_source/vim73/src/os_unix.c:6722: undefined reference to `SmcInteractDone'
objects/ui.o: In function `clip_x11_own_selection':
/home/kren/bin/vim_source/vim73/src/ui.c:2352: undefined reference to `XtWindow'
/home/kren/bin/vim_source/vim73/src/ui.c:2352: undefined reference to `XtDisplay'
/home/kren/bin/vim_source/vim73/src/ui.c:2356: undefined reference to `XtDisplay'
objects/ui.o: In function `clip_x11_request_selection_cb':
/home/kren/bin/vim_source/vim73/src/ui.c:2103: undefined reference to `XtFree'
objects/ui.o: In function `clip_x11_timestamp_cb':
/home/kren/bin/vim_source/vim73/src/ui.c:1988: undefined reference to `XtOwnSelection'
objects/ui.o: In function `clip_x11_convert_selection_cb':
/home/kren/bin/vim_source/vim73/src/ui.c:2272: undefined reference to `XtMalloc'
/home/kren/bin/vim_source/vim73/src/ui.c:2297: undefined reference to `XtFree'
/home/kren/bin/vim_source/vim73/src/ui.c:2228: undefined reference to `XtMalloc'
objects/ui.o: In function `open_app_context':
/home/kren/bin/vim_source/vim73/src/ui.c:1912: undefined reference to `XtToolkitInitialize'
/home/kren/bin/vim_source/vim73/src/ui.c:1913: undefined reference to `XtCreateApplicationContext'
objects/ui.o: In function `clip_x11_request_selection':
/home/kren/bin/vim_source/vim73/src/ui.c:2139: undefined reference to `XtGetSelectionValue'
/home/kren/bin/vim_source/vim73/src/ui.c:2164: undefined reference to `XtDispatchEvent'
objects/ui.o: In function `clip_x11_lose_selection':
/home/kren/bin/vim_source/vim73/src/ui.c:2342: undefined reference to `XtDisownSelection'
objects/ui.o: In function `x11_setup_selection':
/home/kren/bin/vim_source/vim73/src/ui.c:1996: undefined reference to `XtAddEventHandler'
collect2: ld returned 1 exit status
  gcc   -L/usr/local/lib 	-o vim objects/buffer.o objects/blowfish.o objects/charset.o objects/diff.o objects/digraph.o objects/edit.o objects/eval.o objects/ex_cmds.o objects/ex_cmds2.o objects/ex_docmd.o objects/ex_eval.o objects/ex_getln.o objects/fileio.o objects/fold.o objects/getchar.o objects/hardcopy.o objects/hashtab.o  objects/if_cscope.o objects/if_xcmdsrv.o objects/main.o objects/mark.o objects/memfile.o objects/memline.o objects/menu.o objects/message.o objects/misc1.o objects/misc2.o objects/move.o objects/mbyte.o objects/normal.o objects/ops.o objects/option.o objects/os_unix.o objects/pathdef.o objects/popupmnu.o objects/quickfix.o objects/regexp.o objects/screen.o objects/search.o objects/sha256.o objects/spell.o objects/syntax.o  objects/tag.o objects/term.o objects/ui.o objects/undo.o objects/window.o objects/gui.o objects/gui_gtk.o objects/gui_gtk_x11.o objects/pty.o objects/gui_gtk_f.o objects/gui_beval.o          objects/netbeans.o  objects/version.o   -lgtk-x11-2.0 -lgdk-x11-2.0 -latk-1.0 -lgio-2.0 -lpangoft2-1.0 -lgdk_pixbuf-2.0 -lpangocairo-1.0 -lcairo -lpango-1.0 -lfreetype -lfontconfig -lgobject-2.0 -lgmodule-2.0 -lglib-2.0   -lXt -lXdmcp -lm -lncurses 
  gcc   -L/usr/local/lib 	-o vim objects/buffer.o objects/blowfish.o objects/charset.o objects/diff.o objects/digraph.o objects/edit.o objects/eval.o objects/ex_cmds.o objects/ex_cmds2.o objects/ex_docmd.o objects/ex_eval.o objects/ex_getln.o objects/fileio.o objects/fold.o objects/getchar.o objects/hardcopy.o objects/hashtab.o  objects/if_cscope.o objects/if_xcmdsrv.o objects/main.o objects/mark.o objects/memfile.o objects/memline.o objects/menu.o objects/message.o objects/misc1.o objects/misc2.o objects/move.o objects/mbyte.o objects/normal.o objects/ops.o objects/option.o objects/os_unix.o objects/pathdef.o objects/popupmnu.o objects/quickfix.o objects/regexp.o objects/screen.o objects/search.o objects/sha256.o objects/spell.o objects/syntax.o  objects/tag.o objects/term.o objects/ui.o objects/undo.o objects/window.o objects/gui.o objects/gui_gtk.o objects/gui_gtk_x11.o objects/pty.o objects/gui_gtk_f.o objects/gui_beval.o          objects/netbeans.o  objects/version.o   -lgtk-x11-2.0 -lgdk-x11-2.0 -latk-1.0 -lgio-2.0 -lpangoft2-1.0 -lgdk_pixbuf-2.0 -lpangocairo-1.0 -lcairo -lpango-1.0 -lfreetype -lfontconfig -lgobject-2.0 -lgmodule-2.0 -lglib-2.0   -lXt -lm -lncurses 
